<?xml version="1.0" encoding="UTF-8" ?>
<testsuite failures="0" time="0.298" errors="1" skipped="0" tests="1" name="taskTest.selectTest">
  <properties>
    <property name="java.runtime.name" value="Java(TM) SE Runtime Environment"/>
    <property name="sun.boot.library.path" value="D:\ProgramFiles\JDK1.7\jre\bin"/>
    <property name="java.vm.version" value="23.7-b01"/>
    <property name="java.vm.vendor" value="Oracle Corporation"/>
    <property name="java.vendor.url" value="http://java.oracle.com/"/>
    <property name="path.separator" value=";"/>
    <property name="java.vm.name" value="Java HotSpot(TM) 64-Bit Server VM"/>
    <property name="file.encoding.pkg" value="sun.io"/>
    <property name="user.script" value=""/>
    <property name="user.country" value="CN"/>
    <property name="sun.java.launcher" value="SUN_STANDARD"/>
    <property name="sun.os.patch.level" value=""/>
    <property name="java.vm.specification.name" value="Java Virtual Machine Specification"/>
    <property name="user.dir" value="D:\ProgramFiles\workspace\tbscheduleTest"/>
    <property name="java.runtime.version" value="1.7.0_13-b20"/>
    <property name="java.awt.graphicsenv" value="sun.awt.Win32GraphicsEnvironment"/>
    <property name="basedir" value="D:\ProgramFiles\workspace\tbscheduleTest"/>
    <property name="java.endorsed.dirs" value="D:\ProgramFiles\JDK1.7\jre\lib\endorsed"/>
    <property name="os.arch" value="amd64"/>
    <property name="surefire.real.class.path" value="D:\ProgramFiles\workspace\tbscheduleTest\target\surefire\surefirebooter3865867762780720559.jar"/>
    <property name="java.io.tmpdir" value="C:\Users\YAOYUX~1\AppData\Local\Temp\"/>
    <property name="line.separator" value="
"/>
    <property name="java.vm.specification.vendor" value="Oracle Corporation"/>
    <property name="user.variant" value=""/>
    <property name="os.name" value="Windows 8"/>
    <property name="sun.jnu.encoding" value="GBK"/>
    <property name="java.library.path" value="D:\ProgramFiles\JDK1.7\jre\bin;C:\Windows\Sun\Java\bin;C:\Windows\system32;C:\Windows;C:\ProgramData\IMP2POcx\;C:\Windows\system32;C:\Windows;C:\Windows\System32\Wbem;C:\Windows\System32\WindowsPowerShell\v1.0\;D:\ProgramFiles\JDK1.6\bin;D:\ProgramFiles\JDK1.6\jre\bin;D:\ProgramFiles\oracle\instantclient_12_1;D:\ProgramFiles\apache-maven-3.0.2\bin;C:\Program Files\TortoiseSVN\bin;C:\Windows\system32;C:\Windows;C:\Windows\System32\Wbem;C:\Windows\System32\WindowsPowerShell\v1.0\;D:\ProgramFiles\JDK1.6\bin;D:\ProgramFiles\JDK1.6\jre\bin;D:\ProgramFiles\oracle\instantclient_12_1;D:\ProgramFiles\apache-maven-3.0.2\bin;."/>
    <property name="surefire.test.class.path" value="D:\ProgramFiles\workspace\tbscheduleTest\target\test-classes;D:\ProgramFiles\workspace\tbscheduleTest\target\classes;D:\ProgramFiles\repository\org\apache\zookeeper\zookeeper\3.5.1-alpha\zookeeper-3.5.1-alpha.jar;D:\ProgramFiles\repository\commons-cli\commons-cli\1.2\commons-cli-1.2.jar;D:\ProgramFiles\repository\io\netty\netty\3.7.0.Final\netty-3.7.0.Final.jar;D:\ProgramFiles\repository\net\java\dev\javacc\javacc\5.0\javacc-5.0.jar;D:\ProgramFiles\repository\com\taobao\pamirs\schedule\tbschedule\3.2.14\tbschedule-3.2.14.jar;D:\ProgramFiles\repository\com\google\code\gson\gson\2.5\gson-2.5.jar;D:\ProgramFiles\repository\junit\junit\4.11\junit-4.11.jar;D:\ProgramFiles\repository\org\hamcrest\hamcrest-core\1.3\hamcrest-core-1.3.jar;D:\ProgramFiles\repository\org\springframework\spring-core\4.0.2.RELEASE\spring-core-4.0.2.RELEASE.jar;D:\ProgramFiles\repository\commons-logging\commons-logging\1.1.3\commons-logging-1.1.3.jar;D:\ProgramFiles\repository\org\springframework\spring-web\4.0.2.RELEASE\spring-web-4.0.2.RELEASE.jar;D:\ProgramFiles\repository\org\springframework\spring-beans\4.0.2.RELEASE\spring-beans-4.0.2.RELEASE.jar;D:\ProgramFiles\repository\org\springframework\spring-context\4.0.2.RELEASE\spring-context-4.0.2.RELEASE.jar;D:\ProgramFiles\repository\org\springframework\spring-oxm\4.0.2.RELEASE\spring-oxm-4.0.2.RELEASE.jar;D:\ProgramFiles\repository\org\springframework\spring-tx\4.0.2.RELEASE\spring-tx-4.0.2.RELEASE.jar;D:\ProgramFiles\repository\org\springframework\spring-jdbc\4.0.2.RELEASE\spring-jdbc-4.0.2.RELEASE.jar;D:\ProgramFiles\repository\org\springframework\spring-webmvc\4.0.2.RELEASE\spring-webmvc-4.0.2.RELEASE.jar;D:\ProgramFiles\repository\org\springframework\spring-expression\4.0.2.RELEASE\spring-expression-4.0.2.RELEASE.jar;D:\ProgramFiles\repository\org\springframework\spring-aop\4.0.2.RELEASE\spring-aop-4.0.2.RELEASE.jar;D:\ProgramFiles\repository\aopalliance\aopalliance\1.0\aopalliance-1.0.jar;D:\ProgramFiles\repository\org\springframework\spring-context-support\4.0.2.RELEASE\spring-context-support-4.0.2.RELEASE.jar;D:\ProgramFiles\repository\org\springframework\spring-test\4.0.2.RELEASE\spring-test-4.0.2.RELEASE.jar;D:\ProgramFiles\repository\org\mybatis\mybatis\3.2.6\mybatis-3.2.6.jar;D:\ProgramFiles\repository\org\mybatis\mybatis-spring\1.2.2\mybatis-spring-1.2.2.jar;D:\ProgramFiles\repository\javax\javaee-api\7.0\javaee-api-7.0.jar;D:\ProgramFiles\repository\com\sun\mail\javax.mail\1.5.0\javax.mail-1.5.0.jar;D:\ProgramFiles\repository\javax\activation\activation\1.1\activation-1.1.jar;D:\ProgramFiles\repository\mysql\mysql-connector-java\5.1.30\mysql-connector-java-5.1.30.jar;D:\ProgramFiles\repository\commons-dbcp\commons-dbcp\1.2.2\commons-dbcp-1.2.2.jar;D:\ProgramFiles\repository\commons-pool\commons-pool\1.3\commons-pool-1.3.jar;D:\ProgramFiles\repository\jstl\jstl\1.2\jstl-1.2.jar;D:\ProgramFiles\repository\log4j\log4j\1.2.17\log4j-1.2.17.jar;D:\ProgramFiles\repository\com\alibaba\fastjson\1.1.41\fastjson-1.1.41.jar;D:\ProgramFiles\repository\org\slf4j\slf4j-api\1.7.7\slf4j-api-1.7.7.jar;D:\ProgramFiles\repository\org\slf4j\slf4j-log4j12\1.7.7\slf4j-log4j12-1.7.7.jar;D:\ProgramFiles\repository\org\codehaus\jackson\jackson-mapper-asl\1.9.13\jackson-mapper-asl-1.9.13.jar;D:\ProgramFiles\repository\org\codehaus\jackson\jackson-core-asl\1.9.13\jackson-core-asl-1.9.13.jar;D:\ProgramFiles\repository\com\alibaba\druid\1.0.0\druid-1.0.0.jar;D:\ProgramFiles\repository\com\oracle\ojdbc6\11.2.0.3\ojdbc6-11.2.0.3.jar;"/>
    <property name="java.specification.name" value="Java Platform API Specification"/>
    <property name="java.class.version" value="51.0"/>
    <property name="sun.management.compiler" value="HotSpot 64-Bit Tiered Compilers"/>
    <property name="os.version" value="6.2"/>
    <property name="user.home" value="C:\Users\yaoyuxiao"/>
    <property name="user.timezone" value="Asia/Shanghai"/>
    <property name="java.awt.printerjob" value="sun.awt.windows.WPrinterJob"/>
    <property name="java.specification.version" value="1.7"/>
    <property name="file.encoding" value="GBK"/>
    <property name="user.name" value="yaoyuxiao"/>
    <property name="java.class.path" value="D:\ProgramFiles\workspace\tbscheduleTest\target\test-classes;D:\ProgramFiles\workspace\tbscheduleTest\target\classes;D:\ProgramFiles\repository\org\apache\zookeeper\zookeeper\3.5.1-alpha\zookeeper-3.5.1-alpha.jar;D:\ProgramFiles\repository\commons-cli\commons-cli\1.2\commons-cli-1.2.jar;D:\ProgramFiles\repository\io\netty\netty\3.7.0.Final\netty-3.7.0.Final.jar;D:\ProgramFiles\repository\net\java\dev\javacc\javacc\5.0\javacc-5.0.jar;D:\ProgramFiles\repository\com\taobao\pamirs\schedule\tbschedule\3.2.14\tbschedule-3.2.14.jar;D:\ProgramFiles\repository\com\google\code\gson\gson\2.5\gson-2.5.jar;D:\ProgramFiles\repository\junit\junit\4.11\junit-4.11.jar;D:\ProgramFiles\repository\org\hamcrest\hamcrest-core\1.3\hamcrest-core-1.3.jar;D:\ProgramFiles\repository\org\springframework\spring-core\4.0.2.RELEASE\spring-core-4.0.2.RELEASE.jar;D:\ProgramFiles\repository\commons-logging\commons-logging\1.1.3\commons-logging-1.1.3.jar;D:\ProgramFiles\repository\org\springframework\spring-web\4.0.2.RELEASE\spring-web-4.0.2.RELEASE.jar;D:\ProgramFiles\repository\org\springframework\spring-beans\4.0.2.RELEASE\spring-beans-4.0.2.RELEASE.jar;D:\ProgramFiles\repository\org\springframework\spring-context\4.0.2.RELEASE\spring-context-4.0.2.RELEASE.jar;D:\ProgramFiles\repository\org\springframework\spring-oxm\4.0.2.RELEASE\spring-oxm-4.0.2.RELEASE.jar;D:\ProgramFiles\repository\org\springframework\spring-tx\4.0.2.RELEASE\spring-tx-4.0.2.RELEASE.jar;D:\ProgramFiles\repository\org\springframework\spring-jdbc\4.0.2.RELEASE\spring-jdbc-4.0.2.RELEASE.jar;D:\ProgramFiles\repository\org\springframework\spring-webmvc\4.0.2.RELEASE\spring-webmvc-4.0.2.RELEASE.jar;D:\ProgramFiles\repository\org\springframework\spring-expression\4.0.2.RELEASE\spring-expression-4.0.2.RELEASE.jar;D:\ProgramFiles\repository\org\springframework\spring-aop\4.0.2.RELEASE\spring-aop-4.0.2.RELEASE.jar;D:\ProgramFiles\repository\aopalliance\aopalliance\1.0\aopalliance-1.0.jar;D:\ProgramFiles\repository\org\springframework\spring-context-support\4.0.2.RELEASE\spring-context-support-4.0.2.RELEASE.jar;D:\ProgramFiles\repository\org\springframework\spring-test\4.0.2.RELEASE\spring-test-4.0.2.RELEASE.jar;D:\ProgramFiles\repository\org\mybatis\mybatis\3.2.6\mybatis-3.2.6.jar;D:\ProgramFiles\repository\org\mybatis\mybatis-spring\1.2.2\mybatis-spring-1.2.2.jar;D:\ProgramFiles\repository\javax\javaee-api\7.0\javaee-api-7.0.jar;D:\ProgramFiles\repository\com\sun\mail\javax.mail\1.5.0\javax.mail-1.5.0.jar;D:\ProgramFiles\repository\javax\activation\activation\1.1\activation-1.1.jar;D:\ProgramFiles\repository\mysql\mysql-connector-java\5.1.30\mysql-connector-java-5.1.30.jar;D:\ProgramFiles\repository\commons-dbcp\commons-dbcp\1.2.2\commons-dbcp-1.2.2.jar;D:\ProgramFiles\repository\commons-pool\commons-pool\1.3\commons-pool-1.3.jar;D:\ProgramFiles\repository\jstl\jstl\1.2\jstl-1.2.jar;D:\ProgramFiles\repository\log4j\log4j\1.2.17\log4j-1.2.17.jar;D:\ProgramFiles\repository\com\alibaba\fastjson\1.1.41\fastjson-1.1.41.jar;D:\ProgramFiles\repository\org\slf4j\slf4j-api\1.7.7\slf4j-api-1.7.7.jar;D:\ProgramFiles\repository\org\slf4j\slf4j-log4j12\1.7.7\slf4j-log4j12-1.7.7.jar;D:\ProgramFiles\repository\org\codehaus\jackson\jackson-mapper-asl\1.9.13\jackson-mapper-asl-1.9.13.jar;D:\ProgramFiles\repository\org\codehaus\jackson\jackson-core-asl\1.9.13\jackson-core-asl-1.9.13.jar;D:\ProgramFiles\repository\com\alibaba\druid\1.0.0\druid-1.0.0.jar;D:\ProgramFiles\repository\com\oracle\ojdbc6\11.2.0.3\ojdbc6-11.2.0.3.jar;"/>
    <property name="java.vm.specification.version" value="1.7"/>
    <property name="sun.arch.data.model" value="64"/>
    <property name="java.home" value="D:\ProgramFiles\JDK1.7\jre"/>
    <property name="sun.java.command" value="D:\ProgramFiles\workspace\tbscheduleTest\target\surefire\surefirebooter3865867762780720559.jar D:\ProgramFiles\workspace\tbscheduleTest\target\surefire\surefire4209989496346187477tmp D:\ProgramFiles\workspace\tbscheduleTest\target\surefire\surefire5203860254904350404tmp"/>
    <property name="java.specification.vendor" value="Oracle Corporation"/>
    <property name="user.language" value="zh"/>
    <property name="awt.toolkit" value="sun.awt.windows.WToolkit"/>
    <property name="java.vm.info" value="mixed mode"/>
    <property name="java.version" value="1.7.0_13"/>
    <property name="java.ext.dirs" value="D:\ProgramFiles\JDK1.7\jre\lib\ext;C:\Windows\Sun\Java\lib\ext"/>
    <property name="sun.boot.class.path" value="D:\ProgramFiles\JDK1.7\jre\lib\resources.jar;D:\ProgramFiles\JDK1.7\jre\lib\rt.jar;D:\ProgramFiles\JDK1.7\jre\lib\sunrsasign.jar;D:\ProgramFiles\JDK1.7\jre\lib\jsse.jar;D:\ProgramFiles\JDK1.7\jre\lib\jce.jar;D:\ProgramFiles\JDK1.7\jre\lib\charsets.jar;D:\ProgramFiles\JDK1.7\jre\lib\jfr.jar;D:\ProgramFiles\JDK1.7\jre\classes"/>
    <property name="java.vendor" value="Oracle Corporation"/>
    <property name="localRepository" value="D:\ProgramFiles\repository"/>
    <property name="file.separator" value="\"/>
    <property name="java.vendor.url.bug" value="http://bugreport.sun.com/bugreport/"/>
    <property name="sun.cpu.endian" value="little"/>
    <property name="sun.io.unicode.encoding" value="UnicodeLittle"/>
    <property name="sun.desktop" value="windows"/>
    <property name="sun.cpu.isalist" value="amd64"/>
  </properties>
  <testcase time="0.255" classname="taskTest.selectTest" name="select">
    <error message="Invalid bound statement (not found): com.zto.dao.SelectDao.SelectPerson" type="org.apache.ibatis.binding.BindingException">org.apache.ibatis.binding.BindingException: Invalid bound statement (not found): com.zto.dao.SelectDao.SelectPerson
	at org.apache.ibatis.binding.MapperMethod$SqlCommand.&lt;init&gt;(MapperMethod.java:189)
	at org.apache.ibatis.binding.MapperMethod.&lt;init&gt;(MapperMethod.java:43)
	at org.apache.ibatis.binding.MapperProxy.cachedMapperMethod(MapperProxy.java:58)
	at org.apache.ibatis.binding.MapperProxy.invoke(MapperProxy.java:51)
	at sun.proxy.$Proxy19.SelectPerson(Unknown Source)
	at com.zto.service.impl.SelectServiceImpl.SelectPerson(SelectServiceImpl.java:21)
	at taskTest.selectTest.select(selectTest.java:23)
	at sun.reflect.NativeMethodAccessorImpl.invoke0(Native Method)
	at sun.reflect.NativeMethodAccessorImpl.invoke(NativeMethodAccessorImpl.java:57)
	at sun.reflect.DelegatingMethodAccessorImpl.invoke(DelegatingMethodAccessorImpl.java:43)
	at java.lang.reflect.Method.invoke(Method.java:601)
	at org.junit.runners.model.FrameworkMethod$1.runReflectiveCall(FrameworkMethod.java:47)
	at org.junit.internal.runners.model.ReflectiveCallable.run(ReflectiveCallable.java:12)
	at org.junit.runners.model.FrameworkMethod.invokeExplosively(FrameworkMethod.java:44)
	at org.junit.internal.runners.statements.InvokeMethod.evaluate(InvokeMethod.java:17)
	at org.springframework.test.context.junit4.statements.RunBeforeTestMethodCallbacks.evaluate(RunBeforeTestMethodCallbacks.java:74)
	at org.springframework.test.context.junit4.statements.RunAfterTestMethodCallbacks.evaluate(RunAfterTestMethodCallbacks.java:83)
	at org.springframework.test.context.junit4.statements.SpringRepeat.evaluate(SpringRepeat.java:72)
	at org.springframework.test.context.junit4.SpringJUnit4ClassRunner.runChild(SpringJUnit4ClassRunner.java:232)
	at org.springframework.test.context.junit4.SpringJUnit4ClassRunner.runChild(SpringJUnit4ClassRunner.java:89)
	at org.junit.runners.ParentRunner$3.run(ParentRunner.java:238)
	at org.junit.runners.ParentRunner$1.schedule(ParentRunner.java:63)
	at org.junit.runners.ParentRunner.runChildren(ParentRunner.java:236)
	at org.junit.runners.ParentRunner.access$000(ParentRunner.java:53)
	at org.junit.runners.ParentRunner$2.evaluate(ParentRunner.java:229)
	at org.springframework.test.context.junit4.statements.RunBeforeTestClassCallbacks.evaluate(RunBeforeTestClassCallbacks.java:61)
	at org.springframework.test.context.junit4.statements.RunAfterTestClassCallbacks.evaluate(RunAfterTestClassCallbacks.java:71)
	at org.junit.runners.ParentRunner.run(ParentRunner.java:309)
	at org.springframework.test.context.junit4.SpringJUnit4ClassRunner.run(SpringJUnit4ClassRunner.java:175)
	at org.apache.maven.surefire.junit4.JUnit4TestSet.execute(JUnit4TestSet.java:35)
	at org.apache.maven.surefire.junit4.JUnit4Provider.executeTestSet(JUnit4Provider.java:146)
	at org.apache.maven.surefire.junit4.JUnit4Provider.invoke(JUnit4Provider.java:97)
	at sun.reflect.NativeMethodAccessorImpl.invoke0(Native Method)
	at sun.reflect.NativeMethodAccessorImpl.invoke(NativeMethodAccessorImpl.java:57)
	at sun.reflect.DelegatingMethodAccessorImpl.invoke(DelegatingMethodAccessorImpl.java:43)
	at java.lang.reflect.Method.invoke(Method.java:601)
	at org.apache.maven.surefire.booter.ProviderFactory$ClassLoaderProxy.invoke(ProviderFactory.java:103)
	at sun.proxy.$Proxy0.invoke(Unknown Source)
	at org.apache.maven.surefire.booter.SurefireStarter.invokeProvider(SurefireStarter.java:145)
	at org.apache.maven.surefire.booter.SurefireStarter.runSuitesInProcess(SurefireStarter.java:87)
	at org.apache.maven.surefire.booter.ForkedBooter.main(ForkedBooter.java:69)
</error>
    <system-out>@SLTests run: 1, Failures: 0, Errors: 0, Skipped: 0, Time elapsed: 6,000.853 sec
@SLRunning taskTest.selectTest
2015-12-23 17:07:53,506 [main] DEBUG [org.springframework.test.context.junit4.SpringJUnit4ClassRunner] - SpringJUnit4ClassRunner constructor called with [class taskTest.selectTest].
2015-12-23 17:07:53,522 [main] DEBUG [org.springframework.test.context.support.AbstractDelegatingSmartContextLoader] - Delegating to GenericXmlContextLoader to process context configuration [ContextConfigurationAttributes@4da8846f declaringClass = &apos;taskTest.selectTest&apos;, locations = &apos;{classpath:spring-mybatis.xml}&apos;, classes = &apos;{}&apos;, inheritLocations = true, initializers = &apos;{}&apos;, inheritInitializers = true, name = [null], contextLoaderClass = &apos;org.springframework.test.context.ContextLoader&apos;].
2015-12-23 17:07:53,522 [main] DEBUG [org.springframework.test.context.ContextLoaderUtils] - Could not find an &apos;annotation declaring class&apos; for annotation type [org.springframework.test.context.ActiveProfiles] and class [taskTest.selectTest]
2015-12-23 17:07:53,524 [main] DEBUG [org.springframework.test.context.TestContextManager] - @TestExecutionListeners is not present for class [class taskTest.selectTest]: using defaults.
2015-12-23 17:07:53,536 [main] DEBUG [org.springframework.test.annotation.ProfileValueUtils] - Retrieved @ProfileValueSourceConfiguration [null] for test class [taskTest.selectTest]
2015-12-23 17:07:53,537 [main] DEBUG [org.springframework.test.annotation.ProfileValueUtils] - Retrieved ProfileValueSource type [class org.springframework.test.annotation.SystemProfileValueSource] for class [taskTest.selectTest]
2015-12-23 17:07:53,537 [main] DEBUG [org.springframework.test.annotation.ProfileValueUtils] - Retrieved @ProfileValueSourceConfiguration [null] for test class [taskTest.selectTest]
2015-12-23 17:07:53,537 [main] DEBUG [org.springframework.test.annotation.ProfileValueUtils] - Retrieved ProfileValueSource type [class org.springframework.test.annotation.SystemProfileValueSource] for class [taskTest.selectTest]
2015-12-23 17:07:53,537 [main] DEBUG [org.springframework.test.annotation.ProfileValueUtils] - Retrieved @ProfileValueSourceConfiguration [null] for test class [taskTest.selectTest]
2015-12-23 17:07:53,538 [main] DEBUG [org.springframework.test.annotation.ProfileValueUtils] - Retrieved ProfileValueSource type [class org.springframework.test.annotation.SystemProfileValueSource] for class [taskTest.selectTest]
2015-12-23 17:07:53,538 [main] DEBUG [org.springframework.test.context.support.DependencyInjectionTestExecutionListener] - Performing dependency injection for test context [[DefaultTestContext@78ad45e9 testClass = selectTest, testInstance = taskTest.selectTest@37c901e4, testMethod = [null], testException = [null], mergedContextConfiguration = [MergedContextConfiguration@6d9b3c58 testClass = selectTest, locations = &apos;{classpath:spring-mybatis.xml}&apos;, classes = &apos;{}&apos;, contextInitializerClasses = &apos;[]&apos;, activeProfiles = &apos;{}&apos;, contextLoader = &apos;org.springframework.test.context.support.DelegatingSmartContextLoader&apos;, parent = [null]]]].
2015-12-23 17:07:53,538 [main] DEBUG [org.springframework.test.context.support.AbstractDelegatingSmartContextLoader] - Delegating to GenericXmlContextLoader to load context from [MergedContextConfiguration@6d9b3c58 testClass = selectTest, locations = &apos;{classpath:spring-mybatis.xml}&apos;, classes = &apos;{}&apos;, contextInitializerClasses = &apos;[]&apos;, activeProfiles = &apos;{}&apos;, contextLoader = &apos;org.springframework.test.context.support.DelegatingSmartContextLoader&apos;, parent = [null]].
2015-12-23 17:07:53,539 [main] DEBUG [org.springframework.test.context.support.AbstractGenericContextLoader] - Loading ApplicationContext for merged context configuration [[MergedContextConfiguration@6d9b3c58 testClass = selectTest, locations = &apos;{classpath:spring-mybatis.xml}&apos;, classes = &apos;{}&apos;, contextInitializerClasses = &apos;[]&apos;, activeProfiles = &apos;{}&apos;, contextLoader = &apos;org.springframework.test.context.support.DelegatingSmartContextLoader&apos;, parent = [null]]].
2015-12-23 17:07:53,541 [main] DEBUG [org.springframework.core.env.StandardEnvironment] - Adding [systemProperties] PropertySource with lowest search precedence
2015-12-23 17:07:53,541 [main] DEBUG [org.springframework.core.env.StandardEnvironment] - Adding [systemEnvironment] PropertySource with lowest search precedence
2015-12-23 17:07:53,541 [main] DEBUG [org.springframework.core.env.StandardEnvironment] - Initialized StandardEnvironment with PropertySources [systemProperties,systemEnvironment]
2015-12-23 17:07:53,541 [main] INFO  [org.springframework.beans.factory.xml.XmlBeanDefinitionReader] - Loading XML bean definitions from class path resource [spring-mybatis.xml]
2015-12-23 17:07:53,543 [main] DEBUG [org.springframework.beans.factory.xml.DefaultDocumentLoader] - Using JAXP provider [com.sun.org.apache.xerces.internal.jaxp.DocumentBuilderFactoryImpl]
2015-12-23 17:07:53,544 [main] DEBUG [org.springframework.beans.factory.xml.PluggableSchemaResolver] - Loading schema mappings from [META-INF/spring.schemas]
2015-12-23 17:07:53,546 [main] DEBUG [org.springframework.beans.factory.xml.PluggableSchemaResolver] - Loaded schema mappings: {http://www.springframework.org/schema/tx/spring-tx-2.5.xsd=org/springframework/transaction/config/spring-tx-2.5.xsd, http://www.springframework.org/schema/context/spring-context-3.1.xsd=org/springframework/context/config/spring-context-3.1.xsd, http://www.springframework.org/schema/util/spring-util-3.0.xsd=org/springframework/beans/factory/xml/spring-util-3.0.xsd, http://mybatis.org/schema/mybatis-spring-1.2.xsd=org/mybatis/spring/config/mybatis-spring-1.2.xsd, http://www.springframework.org/schema/aop/spring-aop-3.2.xsd=org/springframework/aop/config/spring-aop-3.2.xsd, http://www.springframework.org/schema/tool/spring-tool.xsd=org/springframework/beans/factory/xml/spring-tool-4.0.xsd, http://www.springframework.org/schema/context/spring-context-4.0.xsd=org/springframework/context/config/spring-context-4.0.xsd, http://www.springframework.org/schema/mvc/spring-mvc-3.2.xsd=org/springframework/web/servlet/config/spring-mvc-3.2.xsd, http://www.springframework.org/schema/oxm/spring-oxm-3.0.xsd=org/springframework/oxm/config/spring-oxm-3.0.xsd, http://www.springframework.org/schema/lang/spring-lang-3.2.xsd=org/springframework/scripting/config/spring-lang-3.2.xsd, http://www.springframework.org/schema/cache/spring-cache-3.2.xsd=org/springframework/cache/config/spring-cache-3.2.xsd, http://www.springframework.org/schema/jdbc/spring-jdbc-3.1.xsd=org/springframework/jdbc/config/spring-jdbc-3.1.xsd, http://www.springframework.org/schema/util/spring-util-2.0.xsd=org/springframework/beans/factory/xml/spring-util-2.0.xsd, http://www.springframework.org/schema/tool/spring-tool-3.2.xsd=org/springframework/beans/factory/xml/spring-tool-3.2.xsd, http://www.springframework.org/schema/context/spring-context.xsd=org/springframework/context/config/spring-context-4.0.xsd, http://www.springframework.org/schema/aop/spring-aop-4.0.xsd=org/springframework/aop/config/spring-aop-4.0.xsd, http://www.springframework.org/schema/jee/spring-jee-3.2.xsd=org/springframework/ejb/config/spring-jee-3.2.xsd, http://www.springframework.org/schema/context/spring-context-3.0.xsd=org/springframework/context/config/spring-context-3.0.xsd, http://www.springframework.org/schema/jdbc/spring-jdbc-4.0.xsd=org/springframework/jdbc/config/spring-jdbc-4.0.xsd, http://www.springframework.org/schema/util/spring-util-2.5.xsd=org/springframework/beans/factory/xml/spring-util-2.5.xsd, http://www.springframework.org/schema/mvc/spring-mvc-4.0.xsd=org/springframework/web/servlet/config/spring-mvc-4.0.xsd, http://www.springframework.org/schema/beans/spring-beans-3.2.xsd=org/springframework/beans/factory/xml/spring-beans-3.2.xsd, http://www.springframework.org/schema/aop/spring-aop-3.1.xsd=org/springframework/aop/config/spring-aop-3.1.xsd, http://www.springframework.org/schema/lang/spring-lang-4.0.xsd=org/springframework/scripting/config/spring-lang-4.0.xsd, http://www.springframework.org/schema/mvc/spring-mvc.xsd=org/springframework/web/servlet/config/spring-mvc-4.0.xsd, http://www.springframework.org/schema/mvc/spring-mvc-3.1.xsd=org/springframework/web/servlet/config/spring-mvc-3.1.xsd, http://www.springframework.org/schema/tool/spring-tool-4.0.xsd=org/springframework/beans/factory/xml/spring-tool-4.0.xsd, http://www.springframework.org/schema/lang/spring-lang-3.1.xsd=org/springframework/scripting/config/spring-lang-3.1.xsd, http://www.springframework.org/schema/tx/spring-tx-3.2.xsd=org/springframework/transaction/config/spring-tx-3.2.xsd, http://www.springframework.org/schema/cache/spring-cache-3.1.xsd=org/springframework/cache/config/spring-cache-3.1.xsd, http://www.springframework.org/schema/jee/spring-jee-4.0.xsd=org/springframework/ejb/config/spring-jee-4.0.xsd, http://www.springframework.org/schema/jdbc/spring-jdbc-3.0.xsd=org/springframework/jdbc/config/spring-jdbc-3.0.xsd, http://www.springframework.org/schema/jdbc/spring-jdbc.xsd=org/springframework/jdbc/config/spring-jdbc-4.0.xsd, http://www.springframework.org/schema/tool/spring-tool-3.1.xsd=org/springframework/beans/factory/xml/spring-tool-3.1.xsd, http://www.springframework.org/schema/cache/spring-cache-4.0.xsd=org/springframework/cache/config/spring-cache-4.0.xsd, http://www.springframework.org/schema/jee/spring-jee-3.1.xsd=org/springframework/ejb/config/spring-jee-3.1.xsd, http://www.springframework.org/schema/task/spring-task-3.2.xsd=org/springframework/scheduling/config/spring-task-3.2.xsd, http://www.springframework.org/schema/beans/spring-beans-3.1.xsd=org/springframework/beans/factory/xml/spring-beans-3.1.xsd, http://www.springframework.org/schema/util/spring-util.xsd=org/springframework/beans/factory/xml/spring-util-4.0.xsd, http://www.springframework.org/schema/aop/spring-aop-3.0.xsd=org/springframework/aop/config/spring-aop-3.0.xsd, http://www.springframework.org/schema/mvc/spring-mvc-3.0.xsd=org/springframework/web/servlet/config/spring-mvc-3.0.xsd, http://www.springframework.org/schema/beans/spring-beans-4.0.xsd=org/springframework/beans/factory/xml/spring-beans-4.0.xsd, http://www.springframework.org/schema/beans/spring-beans.xsd=org/springframework/beans/factory/xml/spring-beans-4.0.xsd, http://mybatis.org/schema/mybatis-spring.xsd=org/mybatis/spring/config/mybatis-spring-1.2.xsd, http://www.springframework.org/schema/lang/spring-lang-3.0.xsd=org/springframework/scripting/config/spring-lang-3.0.xsd, http://www.springframework.org/schema/tx/spring-tx-3.1.xsd=org/springframework/transaction/config/spring-tx-3.1.xsd, http://www.springframework.org/schema/context/spring-context-2.5.xsd=org/springframework/context/config/spring-context-2.5.xsd, http://www.springframework.org/schema/task/spring-task-4.0.xsd=org/springframework/scheduling/config/spring-task-4.0.xsd, http://www.springframework.org/schema/tool/spring-tool-3.0.xsd=org/springframework/beans/factory/xml/spring-tool-3.0.xsd, http://www.springframework.org/schema/tx/spring-tx-4.0.xsd=org/springframework/transaction/config/spring-tx-4.0.xsd, http://www.springframework.org/schema/aop/spring-aop-2.0.xsd=org/springframework/aop/config/spring-aop-2.0.xsd, http://www.springframework.org/schema/jee/spring-jee-3.0.xsd=org/springframework/ejb/config/spring-jee-3.0.xsd, http://www.springframework.org/schema/task/spring-task-3.1.xsd=org/springframework/scheduling/config/spring-task-3.1.xsd, http://www.springframework.org/schema/beans/spring-beans-3.0.xsd=org/springframework/beans/factory/xml/spring-beans-3.0.xsd, http://www.springframework.org/schema/jee/spring-jee.xsd=org/springframework/ejb/config/spring-jee-4.0.xsd, http://www.springframework.org/schema/aop/spring-aop-2.5.xsd=org/springframework/aop/config/spring-aop-2.5.xsd, http://www.springframework.org/schema/lang/spring-lang-2.0.xsd=org/springframework/scripting/config/spring-lang-2.0.xsd, http://www.springframework.org/schema/oxm/spring-oxm.xsd=org/springframework/oxm/config/spring-oxm-4.0.xsd, http://www.springframework.org/schema/util/spring-util-3.2.xsd=org/springframework/beans/factory/xml/spring-util-3.2.xsd, http://www.springframework.org/schema/task/spring-task.xsd=org/springframework/scheduling/config/spring-task-4.0.xsd, http://www.springframework.org/schema/tool/spring-tool-2.0.xsd=org/springframework/beans/factory/xml/spring-tool-2.0.xsd, http://www.springframework.org/schema/tx/spring-tx-3.0.xsd=org/springframework/transaction/config/spring-tx-3.0.xsd, http://www.springframework.org/schema/lang/spring-lang-2.5.xsd=org/springframework/scripting/config/spring-lang-2.5.xsd, http://www.springframework.org/schema/jee/spring-jee-2.0.xsd=org/springframework/ejb/config/spring-jee-2.0.xsd, http://www.springframework.org/schema/oxm/spring-oxm-3.2.xsd=org/springframework/oxm/config/spring-oxm-3.2.xsd, http://www.springframework.org/schema/tool/spring-tool-2.5.xsd=org/springframework/beans/factory/xml/spring-tool-2.5.xsd, http://www.springframework.org/schema/jee/spring-jee-2.5.xsd=org/springframework/ejb/config/spring-jee-2.5.xsd, http://www.springframework.org/schema/util/spring-util-4.0.xsd=org/springframework/beans/factory/xml/spring-util-4.0.xsd, http://www.springframework.org/schema/task/spring-task-3.0.xsd=org/springframework/scheduling/config/spring-task-3.0.xsd, http://www.springframework.org/schema/lang/spring-lang.xsd=org/springframework/scripting/config/spring-lang-4.0.xsd, http://www.springframework.org/schema/context/spring-context-3.2.xsd=org/springframework/context/config/spring-context-3.2.xsd, http://www.springframework.org/schema/util/spring-util-3.1.xsd=org/springframework/beans/factory/xml/spring-util-3.1.xsd, http://www.springframework.org/schema/beans/spring-beans-2.0.xsd=org/springframework/beans/factory/xml/spring-beans-2.0.xsd, http://www.springframework.org/schema/oxm/spring-oxm-4.0.xsd=org/springframework/oxm/config/spring-oxm-4.0.xsd, http://www.springframework.org/schema/cache/spring-cache.xsd=org/springframework/cache/config/spring-cache-4.0.xsd, http://www.springframework.org/schema/tx/spring-tx.xsd=org/springframework/transaction/config/spring-tx-4.0.xsd, http://www.springframework.org/schema/beans/spring-beans-2.5.xsd=org/springframework/beans/factory/xml/spring-beans-2.5.xsd, http://www.springframework.org/schema/oxm/spring-oxm-3.1.xsd=org/springframework/oxm/config/spring-oxm-3.1.xsd, http://www.springframework.org/schema/tx/spring-tx-2.0.xsd=org/springframework/transaction/config/spring-tx-2.0.xsd, http://www.springframework.org/schema/jdbc/spring-jdbc-3.2.xsd=org/springframework/jdbc/config/spring-jdbc-3.2.xsd, http://www.springframework.org/schema/aop/spring-aop.xsd=org/springframework/aop/config/spring-aop-4.0.xsd}
2015-12-23 17:07:53,547 [main] DEBUG [org.springframework.beans.factory.xml.PluggableSchemaResolver] - Found XML schema [http://www.springframework.org/schema/beans/spring-beans-3.1.xsd] in classpath: org/springframework/beans/factory/xml/spring-beans-3.1.xsd
2015-12-23 17:07:53,579 [main] DEBUG [org.springframework.beans.factory.xml.PluggableSchemaResolver] - Found XML schema [http://www.springframework.org/schema/context/spring-context-3.1.xsd] in classpath: org/springframework/context/config/spring-context-3.1.xsd
2015-12-23 17:07:53,583 [main] DEBUG [org.springframework.beans.factory.xml.PluggableSchemaResolver] - Found XML schema [http://www.springframework.org/schema/tool/spring-tool-3.1.xsd] in classpath: org/springframework/beans/factory/xml/spring-tool-3.1.xsd
2015-12-23 17:07:53,589 [main] DEBUG [org.springframework.beans.factory.xml.DefaultBeanDefinitionDocumentReader] - Loading bean definitions
2015-12-23 17:07:53,591 [main] DEBUG [org.springframework.beans.factory.xml.DefaultNamespaceHandlerResolver] - Loaded NamespaceHandler mappings: {http://www.springframework.org/schema/p=org.springframework.beans.factory.xml.SimplePropertyNamespaceHandler, http://www.springframework.org/schema/mvc=org.springframework.web.servlet.config.MvcNamespaceHandler, http://www.springframework.org/schema/util=org.springframework.beans.factory.xml.UtilNamespaceHandler, http://www.springframework.org/schema/jee=org.springframework.ejb.config.JeeNamespaceHandler, http://www.springframework.org/schema/aop=org.springframework.aop.config.AopNamespaceHandler, http://www.springframework.org/schema/jdbc=org.springframework.jdbc.config.JdbcNamespaceHandler, http://www.springframework.org/schema/oxm=org.springframework.oxm.config.OxmNamespaceHandler, http://www.springframework.org/schema/cache=org.springframework.cache.config.CacheNamespaceHandler, http://mybatis.org/schema/mybatis-spring=org.mybatis.spring.config.NamespaceHandler, http://www.springframework.org/schema/c=org.springframework.beans.factory.xml.SimpleConstructorNamespaceHandler, http://www.springframework.org/schema/tx=org.springframework.transaction.config.TxNamespaceHandler, http://www.springframework.org/schema/task=org.springframework.scheduling.config.TaskNamespaceHandler, http://www.springframework.org/schema/lang=org.springframework.scripting.config.LangNamespaceHandler, http://www.springframework.org/schema/context=org.springframework.context.config.ContextNamespaceHandler}
2015-12-23 17:07:53,591 [main] DEBUG [org.springframework.context.annotation.ClassPathBeanDefinitionScanner] - JSR-250 &apos;javax.annotation.ManagedBean&apos; found and supported for component scanning
2015-12-23 17:07:53,591 [main] DEBUG [org.springframework.context.annotation.ClassPathBeanDefinitionScanner] - JSR-330 &apos;javax.inject.Named&apos; annotation found and supported for component scanning
2015-12-23 17:07:53,592 [main] DEBUG [org.springframework.core.io.support.PathMatchingResourcePatternResolver] - Looking for matching resources in directory tree [D:\ProgramFiles\workspace\tbscheduleTest\target\classes\com\zto]
2015-12-23 17:07:53,592 [main] DEBUG [org.springframework.core.io.support.PathMatchingResourcePatternResolver] - Searching directory [D:\ProgramFiles\workspace\tbscheduleTest\target\classes\com\zto] for files matching pattern [D:/ProgramFiles/workspace/tbscheduleTest/target/classes/com/zto/*/**/*.class]
2015-12-23 17:07:53,592 [main] DEBUG [org.springframework.core.io.support.PathMatchingResourcePatternResolver] - Searching directory [D:\ProgramFiles\workspace\tbscheduleTest\target\classes\com\zto\controller] for files matching pattern [D:/ProgramFiles/workspace/tbscheduleTest/target/classes/com/zto/*/**/*.class]
2015-12-23 17:07:53,593 [main] DEBUG [org.springframework.core.io.support.PathMatchingResourcePatternResolver] - Searching directory [D:\ProgramFiles\workspace\tbscheduleTest\target\classes\com\zto\dao] for files matching pattern [D:/ProgramFiles/workspace/tbscheduleTest/target/classes/com/zto/*/**/*.class]
2015-12-23 17:07:53,593 [main] DEBUG [org.springframework.core.io.support.PathMatchingResourcePatternResolver] - Searching directory [D:\ProgramFiles\workspace\tbscheduleTest\target\classes\com\zto\job] for files matching pattern [D:/ProgramFiles/workspace/tbscheduleTest/target/classes/com/zto/*/**/*.class]
2015-12-23 17:07:53,593 [main] DEBUG [org.springframework.core.io.support.PathMatchingResourcePatternResolver] - Searching directory [D:\ProgramFiles\workspace\tbscheduleTest\target\classes\com\zto\model] for files matching pattern [D:/ProgramFiles/workspace/tbscheduleTest/target/classes/com/zto/*/**/*.class]
2015-12-23 17:07:53,593 [main] DEBUG [org.springframework.core.io.support.PathMatchingResourcePatternResolver] - Searching directory [D:\ProgramFiles\workspace\tbscheduleTest\target\classes\com\zto\service] for files matching pattern [D:/ProgramFiles/workspace/tbscheduleTest/target/classes/com/zto/*/**/*.class]
2015-12-23 17:07:53,593 [main] DEBUG [org.springframework.core.io.support.PathMatchingResourcePatternResolver] - Searching directory [D:\ProgramFiles\workspace\tbscheduleTest\target\classes\com\zto\service\impl] for files matching pattern [D:/ProgramFiles/workspace/tbscheduleTest/target/classes/com/zto/*/**/*.class]
2015-12-23 17:07:53,594 [main] DEBUG [org.springframework.core.io.support.PathMatchingResourcePatternResolver] - Resolved location pattern [classpath*:com/zto/*/**/*.class] to resources [file [D:\ProgramFiles\workspace\tbscheduleTest\target\classes\com\zto\controller\SelectController.class], file [D:\ProgramFiles\workspace\tbscheduleTest\target\classes\com\zto\dao\SelectDao.class], file [D:\ProgramFiles\workspace\tbscheduleTest\target\classes\com\zto\job\SelectPersonJob.class], file [D:\ProgramFiles\workspace\tbscheduleTest\target\classes\com\zto\model\Person.class], file [D:\ProgramFiles\workspace\tbscheduleTest\target\classes\com\zto\service\impl\SelectServiceImpl.class], file [D:\ProgramFiles\workspace\tbscheduleTest\target\classes\com\zto\service\SelectService.class]]
2015-12-23 17:07:53,602 [main] DEBUG [org.springframework.context.annotation.ClassPathBeanDefinitionScanner] - Identified candidate component class: file [D:\ProgramFiles\workspace\tbscheduleTest\target\classes\com\zto\controller\SelectController.class]
2015-12-23 17:07:53,604 [main] DEBUG [org.springframework.context.annotation.ClassPathBeanDefinitionScanner] - Identified candidate component class: file [D:\ProgramFiles\workspace\tbscheduleTest\target\classes\com\zto\service\impl\SelectServiceImpl.class]
2015-12-23 17:07:53,613 [main] DEBUG [org.springframework.beans.factory.xml.BeanDefinitionParserDelegate] - Neither XML &apos;id&apos; nor &apos;name&apos; specified - using generated bean name [org.mybatis.spring.mapper.MapperScannerConfigurer#0]
2015-12-23 17:07:53,613 [main] DEBUG [org.springframework.beans.factory.xml.XmlBeanDefinitionReader] - Loaded 11 bean definitions from location pattern [classpath:spring-mybatis.xml]
2015-12-23 17:07:53,613 [main] INFO  [org.springframework.context.support.GenericApplicationContext] - Refreshing org.springframework.context.support.GenericApplicationContext@a456424: startup date [Wed Dec 23 17:07:53 CST 2015]; root of context hierarchy
2015-12-23 17:07:53,613 [main] DEBUG [org.springframework.context.support.GenericApplicationContext] - Bean factory for org.springframework.context.support.GenericApplicationContext@a456424: org.springframework.beans.factory.support.DefaultListableBeanFactory@7ea8ad98: defining beans [selectController,selectService,org.springframework.context.annotation.internalConfigurationAnnotationProcessor,org.springframework.context.annotation.internalAutowiredAnnotationProcessor,org.springframework.context.annotation.internalRequiredAnnotationProcessor,org.springframework.context.annotation.internalCommonAnnotationProcessor,propertyConfigurer,dataSource,sqlSessionFactory,org.mybatis.spring.mapper.MapperScannerConfigurer#0,transactionManager]; root of factory hierarchy
2015-12-23 17:07:53,621 [main] DEBUG [org.springframework.beans.factory.support.DefaultListableBeanFactory] - Creating shared instance of singleton bean &apos;org.springframework.context.annotation.internalConfigurationAnnotationProcessor&apos;
2015-12-23 17:07:53,621 [main] DEBUG [org.springframework.beans.factory.support.DefaultListableBeanFactory] - Creating instance of bean &apos;org.springframework.context.annotation.internalConfigurationAnnotationProcessor&apos;
2015-12-23 17:07:53,621 [main] DEBUG [org.springframework.beans.factory.support.DefaultListableBeanFactory] - Eagerly caching bean &apos;org.springframework.context.annotation.internalConfigurationAnnotationProcessor&apos; to allow for resolving potential circular references
2015-12-23 17:07:53,622 [main] DEBUG [org.springframework.beans.factory.support.DefaultListableBeanFactory] - Finished creating instance of bean &apos;org.springframework.context.annotation.internalConfigurationAnnotationProcessor&apos;
2015-12-23 17:07:53,643 [main] DEBUG [org.springframework.beans.factory.support.DefaultListableBeanFactory] - Creating shared instance of singleton bean &apos;org.mybatis.spring.mapper.MapperScannerConfigurer#0&apos;
2015-12-23 17:07:53,643 [main] DEBUG [org.springframework.beans.factory.support.DefaultListableBeanFactory] - Creating instance of bean &apos;org.mybatis.spring.mapper.MapperScannerConfigurer#0&apos;
2015-12-23 17:07:53,643 [main] DEBUG [org.springframework.beans.factory.support.DefaultListableBeanFactory] - Eagerly caching bean &apos;org.mybatis.spring.mapper.MapperScannerConfigurer#0&apos; to allow for resolving potential circular references
2015-12-23 17:07:53,659 [main] DEBUG [org.springframework.beans.factory.support.DefaultListableBeanFactory] - Invoking afterPropertiesSet() on bean with name &apos;org.mybatis.spring.mapper.MapperScannerConfigurer#0&apos;
2015-12-23 17:07:53,659 [main] DEBUG [org.springframework.beans.factory.support.DefaultListableBeanFactory] - Finished creating instance of bean &apos;org.mybatis.spring.mapper.MapperScannerConfigurer#0&apos;
2015-12-23 17:07:53,660 [main] DEBUG [org.springframework.core.env.StandardEnvironment] - Adding [systemProperties] PropertySource with lowest search precedence
2015-12-23 17:07:53,660 [main] DEBUG [org.springframework.core.env.StandardEnvironment] - Adding [systemEnvironment] PropertySource with lowest search precedence
2015-12-23 17:07:53,660 [main] DEBUG [org.springframework.core.env.StandardEnvironment] - Initialized StandardEnvironment with PropertySources [systemProperties,systemEnvironment]
2015-12-23 17:07:53,661 [main] DEBUG [org.springframework.core.io.support.PathMatchingResourcePatternResolver] - Looking for matching resources in directory tree [D:\ProgramFiles\workspace\tbscheduleTest\target\classes\com\zto\dao]
2015-12-23 17:07:53,661 [main] DEBUG [org.springframework.core.io.support.PathMatchingResourcePatternResolver] - Searching directory [D:\ProgramFiles\workspace\tbscheduleTest\target\classes\com\zto\dao] for files matching pattern [D:/ProgramFiles/workspace/tbscheduleTest/target/classes/com/zto/dao/**/*.class]
2015-12-23 17:07:53,662 [main] DEBUG [org.springframework.core.io.support.PathMatchingResourcePatternResolver] - Resolved location pattern [classpath*:com/zto/dao/**/*.class] to resources [file [D:\ProgramFiles\workspace\tbscheduleTest\target\classes\com\zto\dao\SelectDao.class]]
2015-12-23 17:07:53,662 [main] DEBUG [org.mybatis.spring.mapper.ClassPathMapperScanner] - Identified candidate component class: file [D:\ProgramFiles\workspace\tbscheduleTest\target\classes\com\zto\dao\SelectDao.class]
2015-12-23 17:07:53,662 [main] DEBUG [org.mybatis.spring.mapper.ClassPathMapperScanner] - Creating MapperFactoryBean with name &apos;selectDao&apos; and &apos;com.zto.dao.SelectDao&apos; mapperInterface
2015-12-23 17:07:53,664 [main] DEBUG [org.springframework.beans.factory.support.DefaultListableBeanFactory] - Creating shared instance of singleton bean &apos;propertyConfigurer&apos;
2015-12-23 17:07:53,664 [main] DEBUG [org.springframework.beans.factory.support.DefaultListableBeanFactory] - Creating instance of bean &apos;propertyConfigurer&apos;
2015-12-23 17:07:53,665 [main] DEBUG [org.springframework.beans.factory.support.DefaultListableBeanFactory] - Eagerly caching bean &apos;propertyConfigurer&apos; to allow for resolving potential circular references
2015-12-23 17:07:53,670 [main] DEBUG [org.springframework.beans.factory.support.DefaultListableBeanFactory] - Finished creating instance of bean &apos;propertyConfigurer&apos;
2015-12-23 17:07:53,670 [main] INFO  [org.springframework.beans.factory.config.PropertyPlaceholderConfigurer] - Loading properties file from class path resource [jdbc.properties]
2015-12-23 17:07:53,673 [main] DEBUG [org.springframework.beans.factory.support.DefaultListableBeanFactory] - Creating shared instance of singleton bean &apos;org.springframework.context.annotation.internalAutowiredAnnotationProcessor&apos;
2015-12-23 17:07:53,673 [main] DEBUG [org.springframework.beans.factory.support.DefaultListableBeanFactory] - Creating instance of bean &apos;org.springframework.context.annotation.internalAutowiredAnnotationProcessor&apos;
2015-12-23 17:07:53,673 [main] INFO  [org.springframework.beans.factory.annotation.AutowiredAnnotationBeanPostProcessor] - JSR-330 &apos;javax.inject.Inject&apos; annotation found and supported for autowiring
2015-12-23 17:07:53,673 [main] DEBUG [org.springframework.beans.factory.support.DefaultListableBeanFactory] - Eagerly caching bean &apos;org.springframework.context.annotation.internalAutowiredAnnotationProcessor&apos; to allow for resolving potential circular references
2015-12-23 17:07:53,673 [main] DEBUG [org.springframework.beans.factory.support.DefaultListableBeanFactory] - Finished creating instance of bean &apos;org.springframework.context.annotation.internalAutowiredAnnotationProcessor&apos;
2015-12-23 17:07:53,673 [main] DEBUG [org.springframework.beans.factory.support.DefaultListableBeanFactory] - Creating shared instance of singleton bean &apos;org.springframework.context.annotation.internalRequiredAnnotationProcessor&apos;
2015-12-23 17:07:53,673 [main] DEBUG [org.springframework.beans.factory.support.DefaultListableBeanFactory] - Creating instance of bean &apos;org.springframework.context.annotation.internalRequiredAnnotationProcessor&apos;
2015-12-23 17:07:53,673 [main] DEBUG [org.springframework.beans.factory.support.DefaultListableBeanFactory] - Eagerly caching bean &apos;org.springframework.context.annotation.internalRequiredAnnotationProcessor&apos; to allow for resolving potential circular references
2015-12-23 17:07:53,673 [main] DEBUG [org.springframework.beans.factory.support.DefaultListableBeanFactory] - Finished creating instance of bean &apos;org.springframework.context.annotation.internalRequiredAnnotationProcessor&apos;
2015-12-23 17:07:53,673 [main] DEBUG [org.springframework.beans.factory.support.DefaultListableBeanFactory] - Creating shared instance of singleton bean &apos;org.springframework.context.annotation.internalCommonAnnotationProcessor&apos;
2015-12-23 17:07:53,674 [main] DEBUG [org.springframework.beans.factory.support.DefaultListableBeanFactory] - Creating instance of bean &apos;org.springframework.context.annotation.internalCommonAnnotationProcessor&apos;
2015-12-23 17:07:53,674 [main] DEBUG [org.springframework.beans.factory.support.DefaultListableBeanFactory] - Eagerly caching bean &apos;org.springframework.context.annotation.internalCommonAnnotationProcessor&apos; to allow for resolving potential circular references
2015-12-23 17:07:53,674 [main] DEBUG [org.springframework.beans.factory.support.DefaultListableBeanFactory] - Finished creating instance of bean &apos;org.springframework.context.annotation.internalCommonAnnotationProcessor&apos;
2015-12-23 17:07:53,674 [main] DEBUG [org.springframework.beans.factory.support.DefaultListableBeanFactory] - Creating shared instance of singleton bean &apos;org.springframework.context.annotation.ConfigurationClassPostProcessor.importAwareProcessor&apos;
2015-12-23 17:07:53,674 [main] DEBUG [org.springframework.beans.factory.support.DefaultListableBeanFactory] - Creating instance of bean &apos;org.springframework.context.annotation.ConfigurationClassPostProcessor.importAwareProcessor&apos;
2015-12-23 17:07:53,674 [main] DEBUG [org.springframework.beans.factory.support.DefaultListableBeanFactory] - Eagerly caching bean &apos;org.springframework.context.annotation.ConfigurationClassPostProcessor.importAwareProcessor&apos; to allow for resolving potential circular references
2015-12-23 17:07:53,674 [main] DEBUG [org.springframework.beans.factory.support.DefaultListableBeanFactory] - Finished creating instance of bean &apos;org.springframework.context.annotation.ConfigurationClassPostProcessor.importAwareProcessor&apos;
2015-12-23 17:07:53,674 [main] DEBUG [org.springframework.beans.factory.support.DefaultListableBeanFactory] - Creating shared instance of singleton bean &apos;org.springframework.context.annotation.ConfigurationClassPostProcessor.enhancedConfigurationProcessor&apos;
2015-12-23 17:07:53,674 [main] DEBUG [org.springframework.beans.factory.support.DefaultListableBeanFactory] - Creating instance of bean &apos;org.springframework.context.annotation.ConfigurationClassPostProcessor.enhancedConfigurationProcessor&apos;
2015-12-23 17:07:53,674 [main] DEBUG [org.springframework.beans.factory.support.DefaultListableBeanFactory] - Eagerly caching bean &apos;org.springframework.context.annotation.ConfigurationClassPostProcessor.enhancedConfigurationProcessor&apos; to allow for resolving potential circular references
2015-12-23 17:07:53,674 [main] DEBUG [org.springframework.beans.factory.support.DefaultListableBeanFactory] - Finished creating instance of bean &apos;org.springframework.context.annotation.ConfigurationClassPostProcessor.enhancedConfigurationProcessor&apos;
2015-12-23 17:07:53,674 [main] DEBUG [org.springframework.context.support.GenericApplicationContext] - Unable to locate MessageSource with name &apos;messageSource&apos;: using default [org.springframework.context.support.DelegatingMessageSource@2a05c100]
2015-12-23 17:07:53,674 [main] DEBUG [org.springframework.context.support.GenericApplicationContext] - Unable to locate ApplicationEventMulticaster with name &apos;applicationEventMulticaster&apos;: using default [org.springframework.context.event.SimpleApplicationEventMulticaster@5fc1fc8d]
2015-12-23 17:07:53,676 [main] DEBUG [org.springframework.beans.factory.support.DefaultListableBeanFactory] - Pre-instantiating singletons in org.springframework.beans.factory.support.DefaultListableBeanFactory@7ea8ad98: defining beans [selectController,selectService,org.springframework.context.annotation.internalConfigurationAnnotationProcessor,org.springframework.context.annotation.internalAutowiredAnnotationProcessor,org.springframework.context.annotation.internalRequiredAnnotationProcessor,org.springframework.context.annotation.internalCommonAnnotationProcessor,propertyConfigurer,dataSource,sqlSessionFactory,org.mybatis.spring.mapper.MapperScannerConfigurer#0,transactionManager,org.springframework.context.annotation.ConfigurationClassPostProcessor.importAwareProcessor,org.springframework.context.annotation.ConfigurationClassPostProcessor.enhancedConfigurationProcessor,selectDao]; root of factory hierarchy
2015-12-23 17:07:53,676 [main] DEBUG [org.springframework.beans.factory.support.DefaultListableBeanFactory] - Creating shared instance of singleton bean &apos;selectController&apos;
2015-12-23 17:07:53,676 [main] DEBUG [org.springframework.beans.factory.support.DefaultListableBeanFactory] - Creating instance of bean &apos;selectController&apos;
2015-12-23 17:07:53,679 [main] DEBUG [org.springframework.beans.factory.annotation.InjectionMetadata] - Registered injected element on class [com.zto.controller.SelectController]: AutowiredFieldElement for private com.zto.service.SelectService com.zto.controller.SelectController.selectService
2015-12-23 17:07:53,679 [main] DEBUG [org.springframework.beans.factory.support.DefaultListableBeanFactory] - Eagerly caching bean &apos;selectController&apos; to allow for resolving potential circular references
2015-12-23 17:07:53,681 [main] DEBUG [org.springframework.beans.factory.annotation.InjectionMetadata] - Processing injected method of bean &apos;selectController&apos;: AutowiredFieldElement for private com.zto.service.SelectService com.zto.controller.SelectController.selectService
2015-12-23 17:07:53,687 [main] DEBUG [org.apache.ibatis.logging.LogFactory] - Logging initialized using &apos;class org.apache.ibatis.logging.slf4j.Slf4jImpl&apos; adapter.
2015-12-23 17:07:53,689 [main] DEBUG [org.springframework.beans.factory.support.DefaultListableBeanFactory] - Creating shared instance of singleton bean &apos;selectDao&apos;
2015-12-23 17:07:53,689 [main] DEBUG [org.springframework.beans.factory.support.DefaultListableBeanFactory] - Creating instance of bean &apos;selectDao&apos;
2015-12-23 17:07:53,690 [main] DEBUG [org.springframework.beans.factory.support.DefaultListableBeanFactory] - Eagerly caching bean &apos;selectDao&apos; to allow for resolving potential circular references
2015-12-23 17:07:53,696 [main] DEBUG [org.springframework.beans.factory.support.DefaultListableBeanFactory] - Creating shared instance of singleton bean &apos;sqlSessionFactory&apos;
2015-12-23 17:07:53,696 [main] DEBUG [org.springframework.beans.factory.support.DefaultListableBeanFactory] - Creating instance of bean &apos;sqlSessionFactory&apos;
2015-12-23 17:07:53,698 [main] DEBUG [org.springframework.beans.factory.support.DefaultListableBeanFactory] - Eagerly caching bean &apos;sqlSessionFactory&apos; to allow for resolving potential circular references
2015-12-23 17:07:53,702 [main] DEBUG [org.springframework.beans.factory.support.DefaultListableBeanFactory] - Creating shared instance of singleton bean &apos;dataSource&apos;
2015-12-23 17:07:53,703 [main] DEBUG [org.springframework.beans.factory.support.DefaultListableBeanFactory] - Creating instance of bean &apos;dataSource&apos;
2015-12-23 17:07:53,708 [main] DEBUG [org.springframework.beans.factory.support.DefaultListableBeanFactory] - Eagerly caching bean &apos;dataSource&apos; to allow for resolving potential circular references
2015-12-23 17:07:53,719 [main] DEBUG [org.springframework.beans.factory.support.DefaultListableBeanFactory] - Finished creating instance of bean &apos;dataSource&apos;
2015-12-23 17:07:53,720 [main] DEBUG [org.springframework.core.io.support.PathMatchingResourcePatternResolver] - Resolved location pattern [classpath*:com/zto/mapper/*.xml] to resources []
2015-12-23 17:07:53,720 [main] DEBUG [org.springframework.beans.factory.support.DefaultListableBeanFactory] - Invoking afterPropertiesSet() on bean with name &apos;sqlSessionFactory&apos;
2015-12-23 17:07:53,720 [main] DEBUG [org.mybatis.spring.SqlSessionFactoryBean] - Property &apos;configLocation&apos; not specified, using default MyBatis Configuration
2015-12-23 17:07:53,752 [main] DEBUG [org.mybatis.spring.SqlSessionFactoryBean] - Property &apos;mapperLocations&apos; was not specified or no matching resources found
2015-12-23 17:07:53,753 [main] DEBUG [org.springframework.beans.factory.support.DefaultListableBeanFactory] - Finished creating instance of bean &apos;sqlSessionFactory&apos;
2015-12-23 17:07:53,759 [main] DEBUG [org.springframework.beans.factory.support.DefaultListableBeanFactory] - Invoking afterPropertiesSet() on bean with name &apos;selectDao&apos;
2015-12-23 17:07:53,768 [main] DEBUG [org.springframework.beans.factory.support.DefaultListableBeanFactory] - Finished creating instance of bean &apos;selectDao&apos;
2015-12-23 17:07:53,768 [main] DEBUG [org.springframework.beans.factory.support.DefaultListableBeanFactory] - Creating shared instance of singleton bean &apos;selectService&apos;
2015-12-23 17:07:53,768 [main] DEBUG [org.springframework.beans.factory.support.DefaultListableBeanFactory] - Creating instance of bean &apos;selectService&apos;
2015-12-23 17:07:53,769 [main] DEBUG [org.springframework.beans.factory.annotation.InjectionMetadata] - Registered injected element on class [com.zto.service.impl.SelectServiceImpl]: AutowiredFieldElement for private com.zto.dao.SelectDao com.zto.service.impl.SelectServiceImpl.selectDao
2015-12-23 17:07:53,769 [main] DEBUG [org.springframework.beans.factory.support.DefaultListableBeanFactory] - Eagerly caching bean &apos;selectService&apos; to allow for resolving potential circular references
2015-12-23 17:07:53,770 [main] DEBUG [org.springframework.beans.factory.annotation.InjectionMetadata] - Processing injected method of bean &apos;selectService&apos;: AutowiredFieldElement for private com.zto.dao.SelectDao com.zto.service.impl.SelectServiceImpl.selectDao
2015-12-23 17:07:53,770 [main] DEBUG [org.springframework.beans.factory.support.DefaultListableBeanFactory] - Returning cached instance of singleton bean &apos;selectDao&apos;
2015-12-23 17:07:53,772 [main] DEBUG [org.springframework.beans.factory.annotation.AutowiredAnnotationBeanPostProcessor] - Autowiring by type from bean name &apos;selectService&apos; to bean named &apos;selectDao&apos;
2015-12-23 17:07:53,772 [main] DEBUG [org.springframework.beans.factory.support.DefaultListableBeanFactory] - Finished creating instance of bean &apos;selectService&apos;
2015-12-23 17:07:53,772 [main] DEBUG [org.springframework.beans.factory.annotation.AutowiredAnnotationBeanPostProcessor] - Autowiring by type from bean name &apos;selectController&apos; to bean named &apos;selectService&apos;
2015-12-23 17:07:53,772 [main] DEBUG [org.springframework.beans.factory.support.DefaultListableBeanFactory] - Finished creating instance of bean &apos;selectController&apos;
2015-12-23 17:07:53,772 [main] DEBUG [org.springframework.beans.factory.support.DefaultListableBeanFactory] - Returning cached instance of singleton bean &apos;selectService&apos;
2015-12-23 17:07:53,772 [main] DEBUG [org.springframework.beans.factory.support.DefaultListableBeanFactory] - Returning cached instance of singleton bean &apos;org.springframework.context.annotation.internalConfigurationAnnotationProcessor&apos;
2015-12-23 17:07:53,772 [main] DEBUG [org.springframework.beans.factory.support.DefaultListableBeanFactory] - Returning cached instance of singleton bean &apos;org.springframework.context.annotation.internalAutowiredAnnotationProcessor&apos;
2015-12-23 17:07:53,772 [main] DEBUG [org.springframework.beans.factory.support.DefaultListableBeanFactory] - Returning cached instance of singleton bean &apos;org.springframework.context.annotation.internalRequiredAnnotationProcessor&apos;
2015-12-23 17:07:53,772 [main] DEBUG [org.springframework.beans.factory.support.DefaultListableBeanFactory] - Returning cached instance of singleton bean &apos;org.springframework.context.annotation.internalCommonAnnotationProcessor&apos;
2015-12-23 17:07:53,772 [main] DEBUG [org.springframework.beans.factory.support.DefaultListableBeanFactory] - Returning cached instance of singleton bean &apos;propertyConfigurer&apos;
2015-12-23 17:07:53,772 [main] DEBUG [org.springframework.beans.factory.support.DefaultListableBeanFactory] - Returning cached instance of singleton bean &apos;dataSource&apos;
2015-12-23 17:07:53,772 [main] DEBUG [org.springframework.beans.factory.support.DefaultListableBeanFactory] - Returning cached instance of singleton bean &apos;sqlSessionFactory&apos;
2015-12-23 17:07:53,772 [main] DEBUG [org.springframework.beans.factory.support.DefaultListableBeanFactory] - Returning cached instance of singleton bean &apos;org.mybatis.spring.mapper.MapperScannerConfigurer#0&apos;
2015-12-23 17:07:53,773 [main] DEBUG [org.springframework.beans.factory.support.DefaultListableBeanFactory] - Creating shared instance of singleton bean &apos;transactionManager&apos;
2015-12-23 17:07:53,773 [main] DEBUG [org.springframework.beans.factory.support.DefaultListableBeanFactory] - Creating instance of bean &apos;transactionManager&apos;
2015-12-23 17:07:53,779 [main] DEBUG [org.springframework.beans.factory.support.DefaultListableBeanFactory] - Eagerly caching bean &apos;transactionManager&apos; to allow for resolving potential circular references
2015-12-23 17:07:53,781 [main] DEBUG [org.springframework.beans.factory.support.DefaultListableBeanFactory] - Returning cached instance of singleton bean &apos;dataSource&apos;
2015-12-23 17:07:53,782 [main] DEBUG [org.springframework.beans.factory.support.DefaultListableBeanFactory] - Invoking afterPropertiesSet() on bean with name &apos;transactionManager&apos;
2015-12-23 17:07:53,782 [main] DEBUG [org.springframework.beans.factory.support.DefaultListableBeanFactory] - Finished creating instance of bean &apos;transactionManager&apos;
2015-12-23 17:07:53,782 [main] DEBUG [org.springframework.beans.factory.support.DefaultListableBeanFactory] - Returning cached instance of singleton bean &apos;org.springframework.context.annotation.ConfigurationClassPostProcessor.importAwareProcessor&apos;
2015-12-23 17:07:53,782 [main] DEBUG [org.springframework.beans.factory.support.DefaultListableBeanFactory] - Returning cached instance of singleton bean &apos;org.springframework.context.annotation.ConfigurationClassPostProcessor.enhancedConfigurationProcessor&apos;
2015-12-23 17:07:53,782 [main] DEBUG [org.springframework.beans.factory.support.DefaultListableBeanFactory] - Returning cached instance of singleton bean &apos;selectDao&apos;
2015-12-23 17:07:53,782 [main] DEBUG [org.springframework.context.support.GenericApplicationContext] - Unable to locate LifecycleProcessor with name &apos;lifecycleProcessor&apos;: using default [org.springframework.context.support.DefaultLifecycleProcessor@1b6682fe]
2015-12-23 17:07:53,782 [main] DEBUG [org.springframework.beans.factory.support.DefaultListableBeanFactory] - Returning cached instance of singleton bean &apos;lifecycleProcessor&apos;
2015-12-23 17:07:53,784 [main] DEBUG [org.springframework.beans.factory.support.DefaultListableBeanFactory] - Returning cached instance of singleton bean &apos;sqlSessionFactory&apos;
2015-12-23 17:07:53,784 [main] DEBUG [org.springframework.core.env.PropertySourcesPropertyResolver] - Searching for key &apos;spring.liveBeansView.mbeanDomain&apos; in [systemProperties]
2015-12-23 17:07:53,784 [main] DEBUG [org.springframework.core.env.PropertySourcesPropertyResolver] - Searching for key &apos;spring.liveBeansView.mbeanDomain&apos; in [systemEnvironment]
2015-12-23 17:07:53,784 [main] DEBUG [org.springframework.core.env.PropertySourcesPropertyResolver] - Could not find key &apos;spring.liveBeansView.mbeanDomain&apos; in any property source. Returning [null]
2015-12-23 17:07:53,785 [main] DEBUG [org.springframework.test.context.CacheAwareContextLoaderDelegate] - Storing ApplicationContext in cache under key [[MergedContextConfiguration@6d9b3c58 testClass = selectTest, locations = &apos;{classpath:spring-mybatis.xml}&apos;, classes = &apos;{}&apos;, contextInitializerClasses = &apos;[]&apos;, activeProfiles = &apos;{}&apos;, contextLoader = &apos;org.springframework.test.context.support.DelegatingSmartContextLoader&apos;, parent = [null]]].
2015-12-23 17:07:53,786 [main] DEBUG [org.springframework.beans.factory.annotation.InjectionMetadata] - Processing injected method of bean &apos;taskTest.selectTest&apos;: AutowiredFieldElement for private com.zto.service.SelectService taskTest.selectTest.selectService
2015-12-23 17:07:53,786 [main] DEBUG [org.springframework.beans.factory.support.DefaultListableBeanFactory] - Returning cached instance of singleton bean &apos;selectService&apos;
2015-12-23 17:07:53,786 [main] DEBUG [org.springframework.beans.factory.annotation.AutowiredAnnotationBeanPostProcessor] - Autowiring by type from bean name &apos;taskTest.selectTest&apos; to bean named &apos;selectService&apos;
2015-12-23 17:07:53,791 [main] DEBUG [org.springframework.test.context.support.DirtiesContextTestExecutionListener] - After test method: context [DefaultTestContext@78ad45e9 testClass = selectTest, testInstance = taskTest.selectTest@37c901e4, testMethod = select@selectTest, testException = org.apache.ibatis.binding.BindingException: Invalid bound statement (not found): com.zto.dao.SelectDao.SelectPerson, mergedContextConfiguration = [MergedContextConfiguration@6d9b3c58 testClass = selectTest, locations = &apos;{classpath:spring-mybatis.xml}&apos;, classes = &apos;{}&apos;, contextInitializerClasses = &apos;[]&apos;, activeProfiles = &apos;{}&apos;, contextLoader = &apos;org.springframework.test.context.support.DelegatingSmartContextLoader&apos;, parent = [null]]], class dirties context [false], class mode [null], method dirties context [false].
</system-out>
  </testcase>
</testsuite>