<?xml version="1.0" encoding="UTF-8" ?>
<testsuite failures="0" time="6,000.854" errors="0" skipped="0" tests="1" name="taskTest.JobTest">
  <properties>
    <property name="java.runtime.name" value="Java(TM) SE Runtime Environment"/>
    <property name="sun.boot.library.path" value="D:\ProgramFiles\JDK1.7\jre\bin"/>
    <property name="java.vm.version" value="23.7-b01"/>
    <property name="java.vm.vendor" value="Oracle Corporation"/>
    <property name="java.vendor.url" value="http://java.oracle.com/"/>
    <property name="path.separator" value=";"/>
    <property name="java.vm.name" value="Java HotSpot(TM) 64-Bit Server VM"/>
    <property name="file.encoding.pkg" value="sun.io"/>
    <property name="user.script" value=""/>
    <property name="user.country" value="CN"/>
    <property name="sun.java.launcher" value="SUN_STANDARD"/>
    <property name="sun.os.patch.level" value=""/>
    <property name="java.vm.specification.name" value="Java Virtual Machine Specification"/>
    <property name="user.dir" value="D:\ProgramFiles\workspace\tbscheduleTest"/>
    <property name="java.runtime.version" value="1.7.0_13-b20"/>
    <property name="java.awt.graphicsenv" value="sun.awt.Win32GraphicsEnvironment"/>
    <property name="basedir" value="D:\ProgramFiles\workspace\tbscheduleTest"/>
    <property name="java.endorsed.dirs" value="D:\ProgramFiles\JDK1.7\jre\lib\endorsed"/>
    <property name="os.arch" value="amd64"/>
    <property name="surefire.real.class.path" value="D:\ProgramFiles\workspace\tbscheduleTest\target\surefire\surefirebooter3865867762780720559.jar"/>
    <property name="java.io.tmpdir" value="C:\Users\YAOYUX~1\AppData\Local\Temp\"/>
    <property name="line.separator" value="
"/>
    <property name="java.vm.specification.vendor" value="Oracle Corporation"/>
    <property name="user.variant" value=""/>
    <property name="os.name" value="Windows 8"/>
    <property name="sun.jnu.encoding" value="GBK"/>
    <property name="java.library.path" value="D:\ProgramFiles\JDK1.7\jre\bin;C:\Windows\Sun\Java\bin;C:\Windows\system32;C:\Windows;C:\ProgramData\IMP2POcx\;C:\Windows\system32;C:\Windows;C:\Windows\System32\Wbem;C:\Windows\System32\WindowsPowerShell\v1.0\;D:\ProgramFiles\JDK1.6\bin;D:\ProgramFiles\JDK1.6\jre\bin;D:\ProgramFiles\oracle\instantclient_12_1;D:\ProgramFiles\apache-maven-3.0.2\bin;C:\Program Files\TortoiseSVN\bin;C:\Windows\system32;C:\Windows;C:\Windows\System32\Wbem;C:\Windows\System32\WindowsPowerShell\v1.0\;D:\ProgramFiles\JDK1.6\bin;D:\ProgramFiles\JDK1.6\jre\bin;D:\ProgramFiles\oracle\instantclient_12_1;D:\ProgramFiles\apache-maven-3.0.2\bin;."/>
    <property name="surefire.test.class.path" value="D:\ProgramFiles\workspace\tbscheduleTest\target\test-classes;D:\ProgramFiles\workspace\tbscheduleTest\target\classes;D:\ProgramFiles\repository\org\apache\zookeeper\zookeeper\3.5.1-alpha\zookeeper-3.5.1-alpha.jar;D:\ProgramFiles\repository\commons-cli\commons-cli\1.2\commons-cli-1.2.jar;D:\ProgramFiles\repository\io\netty\netty\3.7.0.Final\netty-3.7.0.Final.jar;D:\ProgramFiles\repository\net\java\dev\javacc\javacc\5.0\javacc-5.0.jar;D:\ProgramFiles\repository\com\taobao\pamirs\schedule\tbschedule\3.2.14\tbschedule-3.2.14.jar;D:\ProgramFiles\repository\com\google\code\gson\gson\2.5\gson-2.5.jar;D:\ProgramFiles\repository\junit\junit\4.11\junit-4.11.jar;D:\ProgramFiles\repository\org\hamcrest\hamcrest-core\1.3\hamcrest-core-1.3.jar;D:\ProgramFiles\repository\org\springframework\spring-core\4.0.2.RELEASE\spring-core-4.0.2.RELEASE.jar;D:\ProgramFiles\repository\commons-logging\commons-logging\1.1.3\commons-logging-1.1.3.jar;D:\ProgramFiles\repository\org\springframework\spring-web\4.0.2.RELEASE\spring-web-4.0.2.RELEASE.jar;D:\ProgramFiles\repository\org\springframework\spring-beans\4.0.2.RELEASE\spring-beans-4.0.2.RELEASE.jar;D:\ProgramFiles\repository\org\springframework\spring-context\4.0.2.RELEASE\spring-context-4.0.2.RELEASE.jar;D:\ProgramFiles\repository\org\springframework\spring-oxm\4.0.2.RELEASE\spring-oxm-4.0.2.RELEASE.jar;D:\ProgramFiles\repository\org\springframework\spring-tx\4.0.2.RELEASE\spring-tx-4.0.2.RELEASE.jar;D:\ProgramFiles\repository\org\springframework\spring-jdbc\4.0.2.RELEASE\spring-jdbc-4.0.2.RELEASE.jar;D:\ProgramFiles\repository\org\springframework\spring-webmvc\4.0.2.RELEASE\spring-webmvc-4.0.2.RELEASE.jar;D:\ProgramFiles\repository\org\springframework\spring-expression\4.0.2.RELEASE\spring-expression-4.0.2.RELEASE.jar;D:\ProgramFiles\repository\org\springframework\spring-aop\4.0.2.RELEASE\spring-aop-4.0.2.RELEASE.jar;D:\ProgramFiles\repository\aopalliance\aopalliance\1.0\aopalliance-1.0.jar;D:\ProgramFiles\repository\org\springframework\spring-context-support\4.0.2.RELEASE\spring-context-support-4.0.2.RELEASE.jar;D:\ProgramFiles\repository\org\springframework\spring-test\4.0.2.RELEASE\spring-test-4.0.2.RELEASE.jar;D:\ProgramFiles\repository\org\mybatis\mybatis\3.2.6\mybatis-3.2.6.jar;D:\ProgramFiles\repository\org\mybatis\mybatis-spring\1.2.2\mybatis-spring-1.2.2.jar;D:\ProgramFiles\repository\javax\javaee-api\7.0\javaee-api-7.0.jar;D:\ProgramFiles\repository\com\sun\mail\javax.mail\1.5.0\javax.mail-1.5.0.jar;D:\ProgramFiles\repository\javax\activation\activation\1.1\activation-1.1.jar;D:\ProgramFiles\repository\mysql\mysql-connector-java\5.1.30\mysql-connector-java-5.1.30.jar;D:\ProgramFiles\repository\commons-dbcp\commons-dbcp\1.2.2\commons-dbcp-1.2.2.jar;D:\ProgramFiles\repository\commons-pool\commons-pool\1.3\commons-pool-1.3.jar;D:\ProgramFiles\repository\jstl\jstl\1.2\jstl-1.2.jar;D:\ProgramFiles\repository\log4j\log4j\1.2.17\log4j-1.2.17.jar;D:\ProgramFiles\repository\com\alibaba\fastjson\1.1.41\fastjson-1.1.41.jar;D:\ProgramFiles\repository\org\slf4j\slf4j-api\1.7.7\slf4j-api-1.7.7.jar;D:\ProgramFiles\repository\org\slf4j\slf4j-log4j12\1.7.7\slf4j-log4j12-1.7.7.jar;D:\ProgramFiles\repository\org\codehaus\jackson\jackson-mapper-asl\1.9.13\jackson-mapper-asl-1.9.13.jar;D:\ProgramFiles\repository\org\codehaus\jackson\jackson-core-asl\1.9.13\jackson-core-asl-1.9.13.jar;D:\ProgramFiles\repository\com\alibaba\druid\1.0.0\druid-1.0.0.jar;D:\ProgramFiles\repository\com\oracle\ojdbc6\11.2.0.3\ojdbc6-11.2.0.3.jar;"/>
    <property name="java.specification.name" value="Java Platform API Specification"/>
    <property name="java.class.version" value="51.0"/>
    <property name="sun.management.compiler" value="HotSpot 64-Bit Tiered Compilers"/>
    <property name="os.version" value="6.2"/>
    <property name="user.home" value="C:\Users\yaoyuxiao"/>
    <property name="user.timezone" value="Asia/Shanghai"/>
    <property name="java.awt.printerjob" value="sun.awt.windows.WPrinterJob"/>
    <property name="java.specification.version" value="1.7"/>
    <property name="file.encoding" value="GBK"/>
    <property name="user.name" value="yaoyuxiao"/>
    <property name="java.class.path" value="D:\ProgramFiles\workspace\tbscheduleTest\target\test-classes;D:\ProgramFiles\workspace\tbscheduleTest\target\classes;D:\ProgramFiles\repository\org\apache\zookeeper\zookeeper\3.5.1-alpha\zookeeper-3.5.1-alpha.jar;D:\ProgramFiles\repository\commons-cli\commons-cli\1.2\commons-cli-1.2.jar;D:\ProgramFiles\repository\io\netty\netty\3.7.0.Final\netty-3.7.0.Final.jar;D:\ProgramFiles\repository\net\java\dev\javacc\javacc\5.0\javacc-5.0.jar;D:\ProgramFiles\repository\com\taobao\pamirs\schedule\tbschedule\3.2.14\tbschedule-3.2.14.jar;D:\ProgramFiles\repository\com\google\code\gson\gson\2.5\gson-2.5.jar;D:\ProgramFiles\repository\junit\junit\4.11\junit-4.11.jar;D:\ProgramFiles\repository\org\hamcrest\hamcrest-core\1.3\hamcrest-core-1.3.jar;D:\ProgramFiles\repository\org\springframework\spring-core\4.0.2.RELEASE\spring-core-4.0.2.RELEASE.jar;D:\ProgramFiles\repository\commons-logging\commons-logging\1.1.3\commons-logging-1.1.3.jar;D:\ProgramFiles\repository\org\springframework\spring-web\4.0.2.RELEASE\spring-web-4.0.2.RELEASE.jar;D:\ProgramFiles\repository\org\springframework\spring-beans\4.0.2.RELEASE\spring-beans-4.0.2.RELEASE.jar;D:\ProgramFiles\repository\org\springframework\spring-context\4.0.2.RELEASE\spring-context-4.0.2.RELEASE.jar;D:\ProgramFiles\repository\org\springframework\spring-oxm\4.0.2.RELEASE\spring-oxm-4.0.2.RELEASE.jar;D:\ProgramFiles\repository\org\springframework\spring-tx\4.0.2.RELEASE\spring-tx-4.0.2.RELEASE.jar;D:\ProgramFiles\repository\org\springframework\spring-jdbc\4.0.2.RELEASE\spring-jdbc-4.0.2.RELEASE.jar;D:\ProgramFiles\repository\org\springframework\spring-webmvc\4.0.2.RELEASE\spring-webmvc-4.0.2.RELEASE.jar;D:\ProgramFiles\repository\org\springframework\spring-expression\4.0.2.RELEASE\spring-expression-4.0.2.RELEASE.jar;D:\ProgramFiles\repository\org\springframework\spring-aop\4.0.2.RELEASE\spring-aop-4.0.2.RELEASE.jar;D:\ProgramFiles\repository\aopalliance\aopalliance\1.0\aopalliance-1.0.jar;D:\ProgramFiles\repository\org\springframework\spring-context-support\4.0.2.RELEASE\spring-context-support-4.0.2.RELEASE.jar;D:\ProgramFiles\repository\org\springframework\spring-test\4.0.2.RELEASE\spring-test-4.0.2.RELEASE.jar;D:\ProgramFiles\repository\org\mybatis\mybatis\3.2.6\mybatis-3.2.6.jar;D:\ProgramFiles\repository\org\mybatis\mybatis-spring\1.2.2\mybatis-spring-1.2.2.jar;D:\ProgramFiles\repository\javax\javaee-api\7.0\javaee-api-7.0.jar;D:\ProgramFiles\repository\com\sun\mail\javax.mail\1.5.0\javax.mail-1.5.0.jar;D:\ProgramFiles\repository\javax\activation\activation\1.1\activation-1.1.jar;D:\ProgramFiles\repository\mysql\mysql-connector-java\5.1.30\mysql-connector-java-5.1.30.jar;D:\ProgramFiles\repository\commons-dbcp\commons-dbcp\1.2.2\commons-dbcp-1.2.2.jar;D:\ProgramFiles\repository\commons-pool\commons-pool\1.3\commons-pool-1.3.jar;D:\ProgramFiles\repository\jstl\jstl\1.2\jstl-1.2.jar;D:\ProgramFiles\repository\log4j\log4j\1.2.17\log4j-1.2.17.jar;D:\ProgramFiles\repository\com\alibaba\fastjson\1.1.41\fastjson-1.1.41.jar;D:\ProgramFiles\repository\org\slf4j\slf4j-api\1.7.7\slf4j-api-1.7.7.jar;D:\ProgramFiles\repository\org\slf4j\slf4j-log4j12\1.7.7\slf4j-log4j12-1.7.7.jar;D:\ProgramFiles\repository\org\codehaus\jackson\jackson-mapper-asl\1.9.13\jackson-mapper-asl-1.9.13.jar;D:\ProgramFiles\repository\org\codehaus\jackson\jackson-core-asl\1.9.13\jackson-core-asl-1.9.13.jar;D:\ProgramFiles\repository\com\alibaba\druid\1.0.0\druid-1.0.0.jar;D:\ProgramFiles\repository\com\oracle\ojdbc6\11.2.0.3\ojdbc6-11.2.0.3.jar;"/>
    <property name="java.vm.specification.version" value="1.7"/>
    <property name="sun.arch.data.model" value="64"/>
    <property name="java.home" value="D:\ProgramFiles\JDK1.7\jre"/>
    <property name="sun.java.command" value="D:\ProgramFiles\workspace\tbscheduleTest\target\surefire\surefirebooter3865867762780720559.jar D:\ProgramFiles\workspace\tbscheduleTest\target\surefire\surefire4209989496346187477tmp D:\ProgramFiles\workspace\tbscheduleTest\target\surefire\surefire5203860254904350404tmp"/>
    <property name="java.specification.vendor" value="Oracle Corporation"/>
    <property name="user.language" value="zh"/>
    <property name="awt.toolkit" value="sun.awt.windows.WToolkit"/>
    <property name="java.vm.info" value="mixed mode"/>
    <property name="java.version" value="1.7.0_13"/>
    <property name="java.ext.dirs" value="D:\ProgramFiles\JDK1.7\jre\lib\ext;C:\Windows\Sun\Java\lib\ext"/>
    <property name="sun.boot.class.path" value="D:\ProgramFiles\JDK1.7\jre\lib\resources.jar;D:\ProgramFiles\JDK1.7\jre\lib\rt.jar;D:\ProgramFiles\JDK1.7\jre\lib\sunrsasign.jar;D:\ProgramFiles\JDK1.7\jre\lib\jsse.jar;D:\ProgramFiles\JDK1.7\jre\lib\jce.jar;D:\ProgramFiles\JDK1.7\jre\lib\charsets.jar;D:\ProgramFiles\JDK1.7\jre\lib\jfr.jar;D:\ProgramFiles\JDK1.7\jre\classes"/>
    <property name="java.vendor" value="Oracle Corporation"/>
    <property name="localRepository" value="D:\ProgramFiles\repository"/>
    <property name="file.separator" value="\"/>
    <property name="java.vendor.url.bug" value="http://bugreport.sun.com/bugreport/"/>
    <property name="sun.cpu.endian" value="little"/>
    <property name="sun.io.unicode.encoding" value="UnicodeLittle"/>
    <property name="sun.desktop" value="windows"/>
    <property name="sun.cpu.isalist" value="amd64"/>
  </properties>
  <testcase time="6,000.808" classname="taskTest.JobTest" name="test"/>
</testsuite>